<?xml version="1.0" encoding="UTF-8"?>
<robot generator="Robot 6.0.2 (Python 3.9.7 on win32)" generated="20240119 15:23:37.884" rpa="false" schemaversion="3">
<suite id="s1" name="xATCcompare" source="C:\Users\dell\PycharmProjects\naveenWeb\TestCases\xATCcompare.robot">
<test id="s1-t1" name="LoginFunc" line="25">
<kw name="Open Browser" library="SeleniumLibrary">
<arg>${SiteUrl}</arg>
<arg>${Browser}</arg>
<doc>Opens a new browser instance to the optional ``url``.</doc>
<msg timestamp="20240119 15:23:38.242" level="INFO">Opening browser 'edge' to base url 'https://naveenautomationlabs.com/opencart/index.php?route=account/login'.</msg>
<status status="PASS" starttime="20240119 15:23:38.241" endtime="20240119 15:23:41.403"/>
</kw>
<kw name="Maximize Browser Window" library="SeleniumLibrary">
<doc>Maximizes current browser window.</doc>
<status status="PASS" starttime="20240119 15:23:41.406" endtime="20240119 15:23:41.604"/>
</kw>
<kw name="Set Selenium Speed" library="SeleniumLibrary">
<arg>1</arg>
<doc>Sets the delay that is waited after each Selenium command.</doc>
<status status="PASS" starttime="20240119 15:23:41.605" endtime="20240119 15:23:41.606"/>
</kw>
<kw name="Click_R_Login" library="keywords">
<kw name="Click Element" library="SeleniumLibrary">
<arg>${Click_login}</arg>
<doc>Click the element identified by ``locator``.</doc>
<msg timestamp="20240119 15:23:41.608" level="INFO">Clicking element '//div/a[text()='Login']'.</msg>
<status status="PASS" starttime="20240119 15:23:41.607" endtime="20240119 15:23:44.055"/>
</kw>
<status status="PASS" starttime="20240119 15:23:41.606" endtime="20240119 15:23:44.056"/>
</kw>
<kw name="Enter Email" library="keywords">
<arg>${Email}</arg>
<kw name="Input Text" library="SeleniumLibrary">
<arg>${R_email}</arg>
<arg>${Email}</arg>
<doc>Types the given ``text`` into the text field identified by ``locator``.</doc>
<msg timestamp="20240119 15:23:44.061" level="INFO">Typing text 'yash4@yopmail.com' into text field '//input[@name='email']'.</msg>
<status status="PASS" starttime="20240119 15:23:44.059" endtime="20240119 15:23:47.318"/>
</kw>
<status status="PASS" starttime="20240119 15:23:44.058" endtime="20240119 15:23:47.319"/>
</kw>
<kw name="Enter Password" library="keywords">
<arg>${Pass}</arg>
<kw name="Input Text" library="SeleniumLibrary">
<arg>${Password1}</arg>
<arg>${Password}</arg>
<doc>Types the given ``text`` into the text field identified by ``locator``.</doc>
<msg timestamp="20240119 15:23:47.322" level="INFO">Typing text 'yash@123' into text field '//input[@name='password']'.</msg>
<status status="PASS" starttime="20240119 15:23:47.321" endtime="20240119 15:23:50.501"/>
</kw>
<status status="PASS" starttime="20240119 15:23:47.320" endtime="20240119 15:23:50.501"/>
</kw>
<kw name="Click_loginButton" library="keywords">
<kw name="Click Element" library="SeleniumLibrary">
<arg>${Login_1}</arg>
<doc>Click the element identified by ``locator``.</doc>
<msg timestamp="20240119 15:23:50.504" level="INFO">Clicking element '//input[@value='Login']'.</msg>
<status status="PASS" starttime="20240119 15:23:50.502" endtime="20240119 15:23:53.094"/>
</kw>
<status status="PASS" starttime="20240119 15:23:50.502" endtime="20240119 15:23:53.095"/>
</kw>
<kw name="Click_desktop" library="keywords">
<kw name="Click Element" library="SeleniumLibrary">
<arg>${Desktop1}</arg>
<doc>Click the element identified by ``locator``.</doc>
<msg timestamp="20240119 15:23:53.099" level="INFO">Clicking element '(//li/a[ text() = 'Desktops' ])[1]'.</msg>
<status status="PASS" starttime="20240119 15:23:53.097" endtime="20240119 15:23:55.278"/>
</kw>
<status status="PASS" starttime="20240119 15:23:53.096" endtime="20240119 15:23:55.278"/>
</kw>
<kw name="Click_Search" library="keywords">
<kw name="Click Element" library="SeleniumLibrary">
<arg>${SearchBar}</arg>
<doc>Click the element identified by ``locator``.</doc>
<msg timestamp="20240119 15:23:55.280" level="INFO">Clicking element '//input[@name='search']'.</msg>
<status status="PASS" starttime="20240119 15:23:55.279" endtime="20240119 15:23:57.440"/>
</kw>
<status status="PASS" starttime="20240119 15:23:55.279" endtime="20240119 15:23:57.441"/>
</kw>
<kw name="Enter SearchText" library="keywords">
<arg>${Text3}</arg>
<kw name="Input Text" library="SeleniumLibrary">
<arg>${SearchBar}</arg>
<arg>${SearchText}</arg>
<doc>Types the given ``text`` into the text field identified by ``locator``.</doc>
<msg timestamp="20240119 15:23:57.447" level="INFO">Typing text 'MacBook Pro' into text field '//input[@name='search']'.</msg>
<status status="PASS" starttime="20240119 15:23:57.445" endtime="20240119 15:24:00.710"/>
</kw>
<status status="PASS" starttime="20240119 15:23:57.443" endtime="20240119 15:24:00.711"/>
</kw>
<kw name="Click_Searchicon" library="keywords">
<kw name="Click Element" library="SeleniumLibrary">
<arg>${searchicon}</arg>
<doc>Click the element identified by ``locator``.</doc>
<msg timestamp="20240119 15:24:00.715" level="INFO">Clicking element '//button[@class='btn btn-default btn-lg']'.</msg>
<status status="PASS" starttime="20240119 15:24:00.714" endtime="20240119 15:24:03.446"/>
</kw>
<status status="PASS" starttime="20240119 15:24:00.713" endtime="20240119 15:24:03.447"/>
</kw>
<kw name="Click_ATCCmpr" library="keywords">
<kw name="Click Element" library="SeleniumLibrary">
<arg>${ATCcompare}</arg>
<doc>Click the element identified by ``locator``.</doc>
<msg timestamp="20240119 15:24:03.452" level="INFO">Clicking element '//a[text()='MacBook Pro']/ancestor::div[@class='caption']/following-sibling::div[@class='button-group']//span'.</msg>
<status status="PASS" starttime="20240119 15:24:03.450" endtime="20240119 15:24:05.624"/>
</kw>
<status status="PASS" starttime="20240119 15:24:03.449" endtime="20240119 15:24:05.625"/>
</kw>
<kw name="Click_ATcBtn" library="keywords">
<kw name="Click Element" library="SeleniumLibrary">
<arg>${ATcBtn}</arg>
<doc>Click the element identified by ``locator``.</doc>
<msg timestamp="20240119 15:24:05.630" level="INFO">Clicking element '//a[@title='Shopping Cart']'.</msg>
<status status="PASS" starttime="20240119 15:24:05.628" endtime="20240119 15:24:08.138"/>
</kw>
<status status="PASS" starttime="20240119 15:24:05.627" endtime="20240119 15:24:08.139"/>
</kw>
<kw name="Page Should Contain" library="SeleniumLibrary">
<arg>${Text3}</arg>
<doc>Verifies that current page contains ``text``.</doc>
<msg timestamp="20240119 15:24:10.215" level="INFO">Current page contains text 'MacBook Pro'.</msg>
<status status="PASS" starttime="20240119 15:24:08.141" endtime="20240119 15:24:10.216"/>
</kw>
<kw name="UPdateQuantiry" library="keywords">
<kw name="Click Element" library="SeleniumLibrary">
<arg>${UpdateQuantity}</arg>
<doc>Click the element identified by ``locator``.</doc>
<msg timestamp="20240119 15:24:10.220" level="INFO">Clicking element '//div[@class='input-group btn-block']//input'.</msg>
<status status="PASS" starttime="20240119 15:24:10.218" endtime="20240119 15:24:12.403"/>
</kw>
<status status="PASS" starttime="20240119 15:24:10.217" endtime="20240119 15:24:12.404"/>
</kw>
<kw name="Enter updateQuantiryV" library="keywords">
<arg>${Quantity}</arg>
<kw name="Input Text" library="SeleniumLibrary">
<arg>${UpdateQuantity}</arg>
<arg>${updateQuantiryV}</arg>
<doc>Types the given ``text`` into the text field identified by ``locator``.</doc>
<msg timestamp="20240119 15:24:12.408" level="INFO">Typing text '2' into text field '//div[@class='input-group btn-block']//input'.</msg>
<status status="PASS" starttime="20240119 15:24:12.406" endtime="20240119 15:24:15.622"/>
</kw>
<status status="PASS" starttime="20240119 15:24:12.405" endtime="20240119 15:24:15.623"/>
</kw>
<kw name="Click_Checkout1" library="keywords">
<kw name="Click Element" library="SeleniumLibrary">
<arg>${ChecKout}</arg>
<doc>Click the element identified by ``locator``.</doc>
<msg timestamp="20240119 15:24:15.627" level="INFO">Clicking element '//a[text()='Checkout']'.</msg>
<status status="PASS" starttime="20240119 15:24:15.626" endtime="20240119 15:24:18.492"/>
</kw>
<status status="PASS" starttime="20240119 15:24:15.625" endtime="20240119 15:24:18.493"/>
</kw>
<kw name="Click_Radio1C" library="keywords">
<kw name="Click Element" library="SeleniumLibrary">
<arg>${ClickRadioButton1}</arg>
<doc>Click the element identified by ``locator``.</doc>
<msg timestamp="20240119 15:24:18.498" level="INFO">Clicking element '(//input[@type='radio'])[2]'.</msg>
<status status="PASS" starttime="20240119 15:24:18.496" endtime="20240119 15:24:20.648"/>
</kw>
<status status="PASS" starttime="20240119 15:24:18.495" endtime="20240119 15:24:20.649"/>
</kw>
<kw name="Click_FirstNameC" library="keywords">
<kw name="Click Element" library="SeleniumLibrary">
<arg>${FirstNameCheck}</arg>
<doc>Click the element identified by ``locator``.</doc>
<msg timestamp="20240119 15:24:20.654" level="INFO">Clicking element '//input[@name='firstname']'.</msg>
<status status="PASS" starttime="20240119 15:24:20.652" endtime="20240119 15:24:22.863"/>
</kw>
<status status="PASS" starttime="20240119 15:24:20.651" endtime="20240119 15:24:22.865"/>
</kw>
<kw name="Click_ClearFirstNameC" library="keywords">
<kw name="Clear Element Text" library="SeleniumLibrary">
<arg>${FirstNameCheck}</arg>
<doc>Clears the value of the text-input-element identified by ``locator``.</doc>
<status status="PASS" starttime="20240119 15:24:22.867" endtime="20240119 15:24:24.992"/>
</kw>
<status status="PASS" starttime="20240119 15:24:22.866" endtime="20240119 15:24:24.993"/>
</kw>
<kw name="Enter FirstNameC" library="keywords">
<arg>${firsttname}</arg>
<kw name="Input Text" library="SeleniumLibrary">
<arg>${FirstNameCheck}</arg>
<arg>${FirstNameC}</arg>
<doc>Types the given ``text`` into the text field identified by ``locator``.</doc>
<msg timestamp="20240119 15:24:24.997" level="INFO">Typing text 'Yash Raj' into text field '//input[@name='firstname']'.</msg>
<status status="PASS" starttime="20240119 15:24:24.996" endtime="20240119 15:24:28.276"/>
</kw>
<status status="PASS" starttime="20240119 15:24:24.994" endtime="20240119 15:24:28.277"/>
</kw>
<kw name="Click_LastNameC" library="keywords">
<kw name="Click Element" library="SeleniumLibrary">
<arg>${LastNameCheck}</arg>
<doc>Click the element identified by ``locator``.</doc>
<msg timestamp="20240119 15:24:28.284" level="INFO">Clicking element '//input[@name='lastname']'.</msg>
<status status="PASS" starttime="20240119 15:24:28.281" endtime="20240119 15:24:30.474"/>
</kw>
<status status="PASS" starttime="20240119 15:24:28.279" endtime="20240119 15:24:30.475"/>
</kw>
<kw name="Click_ClearLastNameC" library="keywords">
<kw name="Clear Element Text" library="SeleniumLibrary">
<arg>${LastNameCheck}</arg>
<doc>Clears the value of the text-input-element identified by ``locator``.</doc>
<status status="PASS" starttime="20240119 15:24:30.477" endtime="20240119 15:24:32.598"/>
</kw>
<status status="PASS" starttime="20240119 15:24:30.476" endtime="20240119 15:24:32.599"/>
</kw>
<kw name="Enter LastNameC" library="keywords">
<arg>${lastnamex}</arg>
<kw name="Input Text" library="SeleniumLibrary">
<arg>${LastNameCheck}</arg>
<arg>${LastNameC}</arg>
<doc>Types the given ``text`` into the text field identified by ``locator``.</doc>
<msg timestamp="20240119 15:24:32.604" level="INFO">Typing text 'Singh' into text field '//input[@name='lastname']'.</msg>
<status status="PASS" starttime="20240119 15:24:32.602" endtime="20240119 15:24:35.864"/>
</kw>
<status status="PASS" starttime="20240119 15:24:32.601" endtime="20240119 15:24:35.865"/>
</kw>
<kw name="Click_CompanyC" library="keywords">
<kw name="Click Element" library="SeleniumLibrary">
<arg>${CompanyCheck}</arg>
<doc>Click the element identified by ``locator``.</doc>
<msg timestamp="20240119 15:24:35.870" level="INFO">Clicking element '//input[@name='company']'.</msg>
<status status="PASS" starttime="20240119 15:24:35.868" endtime="20240119 15:24:38.052"/>
</kw>
<status status="PASS" starttime="20240119 15:24:35.867" endtime="20240119 15:24:38.053"/>
</kw>
<kw name="Click_ClearCompanyNameC" library="keywords">
<kw name="Clear Element Text" library="SeleniumLibrary">
<arg>${CompanyCheck}</arg>
<doc>Clears the value of the text-input-element identified by ``locator``.</doc>
<status status="PASS" starttime="20240119 15:24:38.056" endtime="20240119 15:24:40.150"/>
</kw>
<status status="PASS" starttime="20240119 15:24:38.055" endtime="20240119 15:24:40.151"/>
</kw>
<kw name="Enter CompanyC" library="keywords">
<arg>${comapany}</arg>
<kw name="Input Text" library="SeleniumLibrary">
<arg>${CompanyCheck}</arg>
<arg>${CompanyC}</arg>
<doc>Types the given ``text`` into the text field identified by ``locator``.</doc>
<msg timestamp="20240119 15:24:40.156" level="INFO">Typing text 'VauleCoders' into text field '//input[@name='company']'.</msg>
<status status="PASS" starttime="20240119 15:24:40.154" endtime="20240119 15:24:43.437"/>
</kw>
<status status="PASS" starttime="20240119 15:24:40.153" endtime="20240119 15:24:43.438"/>
</kw>
<kw name="Click_Address1C" library="keywords">
<kw name="Click Element" library="SeleniumLibrary">
<arg>${Address1Check}</arg>
<doc>Click the element identified by ``locator``.</doc>
<msg timestamp="20240119 15:24:43.443" level="INFO">Clicking element '//input[@name='address_1']'.</msg>
<status status="PASS" starttime="20240119 15:24:43.442" endtime="20240119 15:24:45.658"/>
</kw>
<status status="PASS" starttime="20240119 15:24:43.440" endtime="20240119 15:24:45.659"/>
</kw>
<kw name="Click_ClearAddress1NameC" library="keywords">
<kw name="Clear Element Text" library="SeleniumLibrary">
<arg>${Address1Check}</arg>
<doc>Clears the value of the text-input-element identified by ``locator``.</doc>
<status status="PASS" starttime="20240119 15:24:45.662" endtime="20240119 15:24:47.768"/>
</kw>
<status status="PASS" starttime="20240119 15:24:45.661" endtime="20240119 15:24:47.769"/>
</kw>
<kw name="Enter Address1C" library="keywords">
<arg>${Address1x}</arg>
<kw name="Input Text" library="SeleniumLibrary">
<arg>${Address1Check}</arg>
<arg>${Address1C}</arg>
<doc>Types the given ``text`` into the text field identified by ``locator``.</doc>
<msg timestamp="20240119 15:24:47.774" level="INFO">Typing text 'Raipur' into text field '//input[@name='address_1']'.</msg>
<status status="PASS" starttime="20240119 15:24:47.772" endtime="20240119 15:24:51.038"/>
</kw>
<status status="PASS" starttime="20240119 15:24:47.771" endtime="20240119 15:24:51.040"/>
</kw>
<kw name="Click_Address2C" library="keywords">
<kw name="Click Element" library="SeleniumLibrary">
<arg>${Address2Check}</arg>
<doc>Click the element identified by ``locator``.</doc>
<msg timestamp="20240119 15:24:51.045" level="INFO">Clicking element '//input[@name='address_2']'.</msg>
<status status="PASS" starttime="20240119 15:24:51.043" endtime="20240119 15:24:53.230"/>
</kw>
<status status="PASS" starttime="20240119 15:24:51.042" endtime="20240119 15:24:53.231"/>
</kw>
<kw name="Click_ClearAddress2NameC" library="keywords">
<kw name="Clear Element Text" library="SeleniumLibrary">
<arg>${Address2Check}</arg>
<doc>Clears the value of the text-input-element identified by ``locator``.</doc>
<status status="PASS" starttime="20240119 15:24:53.234" endtime="20240119 15:24:55.380"/>
</kw>
<status status="PASS" starttime="20240119 15:24:53.233" endtime="20240119 15:24:55.381"/>
</kw>
<kw name="Enter Address2C" library="keywords">
<arg>${Address2x}</arg>
<kw name="Input Text" library="SeleniumLibrary">
<arg>${Address2Check}</arg>
<arg>${Address2C}</arg>
<doc>Types the given ``text`` into the text field identified by ``locator``.</doc>
<msg timestamp="20240119 15:24:55.386" level="INFO">Typing text 'Gautam budh nagar' into text field '//input[@name='address_2']'.</msg>
<status status="PASS" starttime="20240119 15:24:55.384" endtime="20240119 15:24:58.637"/>
</kw>
<status status="PASS" starttime="20240119 15:24:55.383" endtime="20240119 15:24:58.638"/>
</kw>
<kw name="Click_CityC" library="keywords">
<kw name="Click Element" library="SeleniumLibrary">
<arg>${CityCheck}</arg>
<doc>Click the element identified by ``locator``.</doc>
<msg timestamp="20240119 15:24:58.645" level="INFO">Clicking element '//input[@name='city']'.</msg>
<status status="PASS" starttime="20240119 15:24:58.643" endtime="20240119 15:25:00.844"/>
</kw>
<status status="PASS" starttime="20240119 15:24:58.642" endtime="20240119 15:25:00.845"/>
</kw>
<kw name="Click_ClearCityNameC" library="keywords">
<kw name="Clear Element Text" library="SeleniumLibrary">
<arg>${CityCheck}</arg>
<doc>Clears the value of the text-input-element identified by ``locator``.</doc>
<status status="PASS" starttime="20240119 15:25:00.848" endtime="20240119 15:25:02.948"/>
</kw>
<status status="PASS" starttime="20240119 15:25:00.847" endtime="20240119 15:25:02.949"/>
</kw>
<kw name="Enter CityC" library="keywords">
<arg>${Cityx}</arg>
<kw name="Input Text" library="SeleniumLibrary">
<arg>${CityCheck}</arg>
<arg>${CityC}</arg>
<doc>Types the given ``text`` into the text field identified by ``locator``.</doc>
<msg timestamp="20240119 15:25:02.954" level="INFO">Typing text 'Noida' into text field '//input[@name='city']'.</msg>
<status status="PASS" starttime="20240119 15:25:02.952" endtime="20240119 15:25:06.188"/>
</kw>
<status status="PASS" starttime="20240119 15:25:02.951" endtime="20240119 15:25:06.190"/>
</kw>
<kw name="Click_PostCodeC" library="keywords">
<kw name="Click Element" library="SeleniumLibrary">
<arg>${PostCodeCheck}</arg>
<doc>Click the element identified by ``locator``.</doc>
<msg timestamp="20240119 15:25:06.195" level="INFO">Clicking element '//input[@name='postcode']'.</msg>
<status status="PASS" starttime="20240119 15:25:06.193" endtime="20240119 15:25:08.358"/>
</kw>
<status status="PASS" starttime="20240119 15:25:06.192" endtime="20240119 15:25:08.358"/>
</kw>
<kw name="Click_ClearPostNameC" library="keywords">
<kw name="Clear Element Text" library="SeleniumLibrary">
<arg>${PostCodeCheck}</arg>
<doc>Clears the value of the text-input-element identified by ``locator``.</doc>
<status status="PASS" starttime="20240119 15:25:08.360" endtime="20240119 15:25:10.477"/>
</kw>
<status status="PASS" starttime="20240119 15:25:08.359" endtime="20240119 15:25:10.478"/>
</kw>
<kw name="Enter PostCodeC" library="keywords">
<arg>${PostCodex}</arg>
<kw name="Input Text" library="SeleniumLibrary">
<arg>${PostCodeCheck}</arg>
<arg>${PostCodeC}</arg>
<doc>Types the given ``text`` into the text field identified by ``locator``.</doc>
<msg timestamp="20240119 15:25:10.483" level="INFO">Typing text '201301' into text field '//input[@name='postcode']'.</msg>
<status status="PASS" starttime="20240119 15:25:10.481" endtime="20240119 15:25:13.748"/>
</kw>
<status status="PASS" starttime="20240119 15:25:10.480" endtime="20240119 15:25:13.749"/>
</kw>
<kw name="Click_CountryC" library="keywords">
<kw name="Click Element" library="SeleniumLibrary">
<arg>${CountryCheck}</arg>
<doc>Click the element identified by ``locator``.</doc>
<msg timestamp="20240119 15:25:13.754" level="INFO">Clicking element '//select[@name='country_id']'.</msg>
<status status="PASS" starttime="20240119 15:25:13.752" endtime="20240119 15:25:15.962"/>
</kw>
<status status="PASS" starttime="20240119 15:25:13.751" endtime="20240119 15:25:15.963"/>
</kw>
<kw name="Select_CountryC" library="keywords">
<kw name="Click Element" library="SeleniumLibrary">
<arg>${SelectCountryC}</arg>
<doc>Click the element identified by ``locator``.</doc>
<msg timestamp="20240119 15:25:15.968" level="INFO">Clicking element '//select[@name='country_id']//option[@value='99']'.</msg>
<status status="PASS" starttime="20240119 15:25:15.966" endtime="20240119 15:25:18.120"/>
</kw>
<status status="PASS" starttime="20240119 15:25:15.965" endtime="20240119 15:25:18.121"/>
</kw>
<kw name="Click_StateC" library="keywords">
<kw name="Click Element" library="SeleniumLibrary">
<arg>${RegionStateCheck}</arg>
<doc>Click the element identified by ``locator``.</doc>
<msg timestamp="20240119 15:25:18.127" level="INFO">Clicking element '//select[@id='input-payment-zone']'.</msg>
<status status="PASS" starttime="20240119 15:25:18.125" endtime="20240119 15:25:20.335"/>
</kw>
<status status="PASS" starttime="20240119 15:25:18.124" endtime="20240119 15:25:20.336"/>
</kw>
<kw name="Select_StateC" library="keywords">
<kw name="Click Element" library="SeleniumLibrary">
<arg>${SelectStateC}</arg>
<doc>Click the element identified by ``locator``.</doc>
<msg timestamp="20240119 15:25:20.341" level="INFO">Clicking element '//select[@name='zone_id']//option[@value='1505']'.</msg>
<status status="PASS" starttime="20240119 15:25:20.339" endtime="20240119 15:25:22.467"/>
</kw>
<status status="PASS" starttime="20240119 15:25:20.338" endtime="20240119 15:25:22.468"/>
</kw>
<kw name="Click_continue1C" library="keywords">
<kw name="Click Element" library="SeleniumLibrary">
<arg>${ClickContinueC1}</arg>
<doc>Click the element identified by ``locator``.</doc>
<msg timestamp="20240119 15:25:22.473" level="INFO">Clicking element '//input[@value='Continue']'.</msg>
<status status="PASS" starttime="20240119 15:25:22.471" endtime="20240119 15:25:24.721"/>
</kw>
<status status="PASS" starttime="20240119 15:25:22.470" endtime="20240119 15:25:24.722"/>
</kw>
<kw name="Click_continue3C" library="keywords">
<kw name="Click Element" library="SeleniumLibrary">
<arg>${ClickContinueC3}</arg>
<doc>Click the element identified by ``locator``.</doc>
<msg timestamp="20240119 15:25:24.726" level="INFO">Clicking element '//div/input[@id='button-shipping-address']'.</msg>
<status status="PASS" starttime="20240119 15:25:24.724" endtime="20240119 15:25:26.927"/>
</kw>
<status status="PASS" starttime="20240119 15:25:24.723" endtime="20240119 15:25:26.928"/>
</kw>
<kw name="Click_continue4C" library="keywords">
<kw name="Click Element" library="SeleniumLibrary">
<arg>${ClickContinueC4}</arg>
<doc>Click the element identified by ``locator``.</doc>
<msg timestamp="20240119 15:25:26.933" level="INFO">Clicking element '(//div[@class='pull-right']//following-sibling::input[@value='Continue'])[3]'.</msg>
<status status="PASS" starttime="20240119 15:25:26.931" endtime="20240119 15:25:29.078"/>
</kw>
<status status="PASS" starttime="20240119 15:25:26.930" endtime="20240119 15:25:29.079"/>
</kw>
<kw name="Click_CheckBox2" library="keywords">
<kw name="Click Element" library="SeleniumLibrary">
<arg>${CheckBox2}</arg>
<doc>Click the element identified by ``locator``.</doc>
<msg timestamp="20240119 15:25:29.084" level="INFO">Clicking element '//input[@type='checkbox']'.</msg>
<status status="PASS" starttime="20240119 15:25:29.082" endtime="20240119 15:25:31.268"/>
</kw>
<status status="PASS" starttime="20240119 15:25:29.080" endtime="20240119 15:25:31.268"/>
</kw>
<kw name="Click_continue5C" library="keywords">
<kw name="Click Element" library="SeleniumLibrary">
<arg>${ClickContinueC5}</arg>
<doc>Click the element identified by ``locator``.</doc>
<msg timestamp="20240119 15:25:31.274" level="INFO">Clicking element '(//div[@class='pull-right']//following-sibling::input[@value='Continue'])[4]'.</msg>
<status status="PASS" starttime="20240119 15:25:31.271" endtime="20240119 15:25:33.437"/>
</kw>
<status status="PASS" starttime="20240119 15:25:31.270" endtime="20240119 15:25:33.438"/>
</kw>
<kw name="Click_confirmOrderC" library="keywords">
<kw name="Click Element" library="SeleniumLibrary">
<arg>${ConfirmOrder}</arg>
<doc>Click the element identified by ``locator``.</doc>
<msg timestamp="20240119 15:25:33.442" level="INFO">Clicking element '//input[@value='Confirm Order']'.</msg>
<status status="PASS" starttime="20240119 15:25:33.441" endtime="20240119 15:25:35.638"/>
</kw>
<status status="PASS" starttime="20240119 15:25:33.440" endtime="20240119 15:25:35.638"/>
</kw>
<kw name="Page Should Contain" library="SeleniumLibrary">
<arg>${TextOrder}</arg>
<doc>Verifies that current page contains ``text``.</doc>
<msg timestamp="20240119 15:25:37.713" level="INFO">Current page contains text 'Your order has been placed!'.</msg>
<status status="PASS" starttime="20240119 15:25:35.640" endtime="20240119 15:25:37.714"/>
</kw>
<status status="PASS" starttime="20240119 15:23:38.240" endtime="20240119 15:25:37.715"/>
</test>
<status status="PASS" starttime="20240119 15:23:37.886" endtime="20240119 15:25:37.720"/>
</suite>
<statistics>
<total>
<stat pass="1" fail="0" skip="0">All Tests</stat>
</total>
<tag>
</tag>
<suite>
<stat pass="1" fail="0" skip="0" id="s1" name="xATCcompare">xATCcompare</stat>
</suite>
</statistics>
<errors>
</errors>
</robot>
